app/build/outputs/logs/manifest-merger-debug-report.txt
-- Merging decision tree log ---
manifest
ADDED from src\main\AndroidManifest.xml:2:1-167:12
INJECTED from src\main\AndroidManifest.xml:2:1-167:12
INJECTED from src\main\AndroidManifest.xml:2:1-167:12
INJECTED from src\main\AndroidManifest.xml:2:1-167:12
MERGED from [:slideShowView] AndroidManifest.xml:2:1-15:12
MERGED from [:oneKeyShare] AndroidManifest.xml:2:1-23:12
MERGED from [com.android.support:appcompat-v7:23.4.0] AndroidManifest.xml:17:1-27:12
MERGED from [com.android.support:animated-vector-drawable:23.4.0] AndroidManifest.xml:2:1-9:12
MERGED from [com.android.support:support-vector-drawable:23.4.0] AndroidManifest.xml:2:1-9:12
MERGED from [com.android.support:support-v4:23.4.0] AndroidManifest.xml:17:1-24:12
INJECTED from src\main\AndroidManifest.xml:2:1-167:12
INJECTED from src\main\AndroidManifest.xml:2:1-167:12
INJECTED from src\main\AndroidManifest.xml:2:1-167:12
	package
		ADDED from src\main\AndroidManifest.xml:3:5-39
		INJECTED from src\main\AndroidManifest.xml
		INJECTED from src\main\AndroidManifest.xml
	android:versionName
		ADDED from src\main\AndroidManifest.xml:5:5-30
		INJECTED from src\main\AndroidManifest.xml
		INJECTED from src\main\AndroidManifest.xml
	xmlns:android
		ADDED from src\main\AndroidManifest.xml:2:11-69
	android:versionCode
		ADDED from src\main\AndroidManifest.xml:4:5-28
		INJECTED from src\main\AndroidManifest.xml
		INJECTED from src\main\AndroidManifest.xml
uses-sdk
ADDED from src\main\AndroidManifest.xml:7:5-9:41
INJECTED from src\main\AndroidManifest.xml:7:5-9:41
INJECTED from src\main\AndroidManifest.xml:7:5-9:41
MERGED from [:slideShowView] AndroidManifest.xml:5:5-7:41
MERGED from [:slideShowView] AndroidManifest.xml:5:5-7:41
MERGED from [:oneKeyShare] AndroidManifest.xml:7:5-9:41
MERGED from [:oneKeyShare] AndroidManifest.xml:7:5-9:41
MERGED from [com.android.support:appcompat-v7:23.4.0] AndroidManifest.xml:21:5-23:78
MERGED from [com.android.support:appcompat-v7:23.4.0] AndroidManifest.xml:21:5-23:78
MERGED from [com.android.support:animated-vector-drawable:23.4.0] AndroidManifest.xml:5:5-44
MERGED from [com.android.support:animated-vector-drawable:23.4.0] AndroidManifest.xml:5:5-44
MERGED from [com.android.support:support-vector-drawable:23.4.0] AndroidManifest.xml:5:5-43
MERGED from [com.android.support:support-vector-drawable:23.4.0] AndroidManifest.xml:5:5-43
MERGED from [com.android.support:support-v4:23.4.0] AndroidManifest.xml:20:5-43
MERGED from [com.android.support:support-v4:23.4.0] AndroidManifest.xml:20:5-43
INJECTED from src\main\AndroidManifest.xml:7:5-9:41
INJECTED from src\main\AndroidManifest.xml:7:5-9:41
	tools:overrideLibrary
		ADDED from [com.android.support:appcompat-v7:23.4.0] AndroidManifest.xml:23:9-75
	android:targetSdkVersion
		ADDED from src\main\AndroidManifest.xml:9:9-38
		INJECTED from src\main\AndroidManifest.xml
		INJECTED from src\main\AndroidManifest.xml
	android:minSdkVersion
		ADDED from src\main\AndroidManifest.xml:8:9-35
		INJECTED from src\main\AndroidManifest.xml
		INJECTED from src\main\AndroidManifest.xml
uses-permission#android.permission.INTERNET
ADDED from src\main\AndroidManifest.xml:11:5-67
	android:name
		ADDED from src\main\AndroidManifest.xml:11:22-64
uses-permission#android.permission.ACCESS_WIFI_STATE
ADDED from src\main\AndroidManifest.xml:12:5-76
	android:name
		ADDED from src\main\AndroidManifest.xml:12:22-73
uses-permission#android.permission.ACCESS_NETWORK_STATE
ADDED from src\main\AndroidManifest.xml:13:5-79
	android:name
		ADDED from src\main\AndroidManifest.xml:13:22-76
uses-permission#android.permission.READ_PHONE_STATE
ADDED from src\main\AndroidManifest.xml:14:5-75
	android:name
		ADDED from src\main\AndroidManifest.xml:14:22-72
uses-permission#android.permission.WRITE_EXTERNAL_STORAGE
ADDED from src\main\AndroidManifest.xml:15:5-81
	android:name
		ADDED from src\main\AndroidManifest.xml:15:22-78
uses-permission#android.permission.READ_EXTERNAL_STORAGE
ADDED from src\main\AndroidManifest.xml:16:5-80
	android:name
		ADDED from src\main\AndroidManifest.xml:16:22-77
uses-permission#android.permission.SYSTEM_ALERT_WINDOW
ADDED from src\main\AndroidManifest.xml:17:5-78
	android:name
		ADDED from src\main\AndroidManifest.xml:17:22-75
uses-permission#android.permission.RESTART_PACKAGES
ADDED from src\main\AndroidManifest.xml:18:5-75
	android:name
		ADDED from src\main\AndroidManifest.xml:18:22-72
uses-permission#android.permission.KILL_BACKGROUND_PROCESSES
ADDED from src\main\AndroidManifest.xml:19:5-84
	android:name
		ADDED from src\main\AndroidManifest.xml:19:22-81
uses-permission#android.permission.MOUNT_UNMOUNT_FILESYSTEMS
ADDED from src\main\AndroidManifest.xml:20:5-84
	android:name
		ADDED from src\main\AndroidManifest.xml:20:22-81
uses-permission#android.permission.GET_TASKS
ADDED from src\main\AndroidManifest.xml:21:5-68
	android:name
		ADDED from src\main\AndroidManifest.xml:21:22-65
uses-permission#android.permission.CHANGE_WIFI_STATE
ADDED from src\main\AndroidManifest.xml:22:5-76
	android:name
		ADDED from src\main\AndroidManifest.xml:22:22-73
uses-permission#android.permission.MANAGE_ACCOUNTS
ADDED from src\main\AndroidManifest.xml:23:5-74
	android:name
		ADDED from src\main\AndroidManifest.xml:23:22-71
uses-permission#android.permission.GET_ACCOUNTS
ADDED from src\main\AndroidManifest.xml:24:5-71
	android:name
		ADDED from src\main\AndroidManifest.xml:24:22-68
application
ADDED from src\main\AndroidManifest.xml:26:5-165:19
MERGED from [:slideShowView] AndroidManifest.xml:9:5-13:19
MERGED from [:slideShowView] AndroidManifest.xml:9:5-13:19
MERGED from [:oneKeyShare] AndroidManifest.xml:18:5-21:19
MERGED from [:oneKeyShare] AndroidManifest.xml:18:5-21:19
MERGED from [com.android.support:appcompat-v7:23.4.0] AndroidManifest.xml:25:5-20
MERGED from [com.android.support:appcompat-v7:23.4.0] AndroidManifest.xml:25:5-20
MERGED from [com.android.support:animated-vector-drawable:23.4.0] AndroidManifest.xml:7:5-20
MERGED from [com.android.support:animated-vector-drawable:23.4.0] AndroidManifest.xml:7:5-20
MERGED from [com.android.support:support-vector-drawable:23.4.0] AndroidManifest.xml:7:5-20
MERGED from [com.android.support:support-vector-drawable:23.4.0] AndroidManifest.xml:7:5-20
MERGED from [com.android.support:support-v4:23.4.0] AndroidManifest.xml:22:5-20
MERGED from [com.android.support:support-v4:23.4.0] AndroidManifest.xml:22:5-20
	android:supportsRtl
		ADDED from [:slideShowView] AndroidManifest.xml:12:9-35
	android:label
		ADDED from src\main\AndroidManifest.xml:30:9-41
	android:debuggable
		ADDED from [:oneKeyShare] AndroidManifest.xml:20:9-34
	android:largeHeap
		ADDED from src\main\AndroidManifest.xml:31:9-33
	android:icon
		ADDED from src\main\AndroidManifest.xml:29:9-39
	android:allowBackup
		ADDED from src\main\AndroidManifest.xml:28:9-35
	android:theme
		ADDED from src\main\AndroidManifest.xml:32:9-40
	android:name
		ADDED from src\main\AndroidManifest.xml:27:9-58
activity#com.hewaiming.ALWorkInfo.ui.WelcomeActivity
ADDED from src\main\AndroidManifest.xml:33:9-42:20
	android:label
		ADDED from src\main\AndroidManifest.xml:35:13-45
	android:launchMode
		ADDED from src\main\AndroidManifest.xml:36:13-43
	android:name
		ADDED from src\main\AndroidManifest.xml:34:13-71
intent-filter#android.intent.action.MAIN+android.intent.category.LAUNCHER
ADDED from src\main\AndroidManifest.xml:37:13-41:29
action#android.intent.action.MAIN
ADDED from src\main\AndroidManifest.xml:38:17-69
	android:name
		ADDED from src\main\AndroidManifest.xml:38:25-66
category#android.intent.category.LAUNCHER
ADDED from src\main\AndroidManifest.xml:40:17-77
	android:name
		ADDED from src\main\AndroidManifest.xml:40:27-74
activity#com.hewaiming.ALWorkInfo.ui.ParamsActivity
ADDED from src\main\AndroidManifest.xml:43:9-46:20
	android:label
		ADDED from src\main\AndroidManifest.xml:45:13-58
	android:name
		ADDED from src\main\AndroidManifest.xml:44:13-70
activity#com.hewaiming.ALWorkInfo.ui.MainActivity
ADDED from src\main\AndroidManifest.xml:47:9-49:20
	android:screenOrientation
		ADDED from src\main\AndroidManifest.xml:48:14-50
	android:name
		ADDED from src\main\AndroidManifest.xml:47:19-74
activity#com.hewaiming.ALWorkInfo.ui.PotAgeActivity
ADDED from src\main\AndroidManifest.xml:50:9-51:20
	android:name
		ADDED from src\main\AndroidManifest.xml:50:19-76
activity#com.hewaiming.ALWorkInfo.ui.DayTableActivity
ADDED from src\main\AndroidManifest.xml:52:9-55:20
	android:screenOrientation
		ADDED from src\main\AndroidManifest.xml:54:13-49
	android:name
		ADDED from src\main\AndroidManifest.xml:53:13-72
activity#com.hewaiming.ALWorkInfo.ui.FaultRecActivity
ADDED from src\main\AndroidManifest.xml:56:9-57:20
	android:name
		ADDED from src\main\AndroidManifest.xml:56:19-78
activity#com.hewaiming.ALWorkInfo.ui.AlarmRecActivity
ADDED from src\main\AndroidManifest.xml:58:9-59:20
	android:name
		ADDED from src\main\AndroidManifest.xml:58:19-78
activity#com.hewaiming.ALWorkInfo.ui.RealRecActivity
ADDED from src\main\AndroidManifest.xml:60:9-61:20
	android:name
		ADDED from src\main\AndroidManifest.xml:60:19-77
activity#com.hewaiming.ALWorkInfo.ui.OperateRecActivity
ADDED from src\main\AndroidManifest.xml:62:9-63:20
	android:name
		ADDED from src\main\AndroidManifest.xml:62:19-80
activity#com.hewaiming.ALWorkInfo.ui.AeRecActivity
ADDED from src\main\AndroidManifest.xml:64:9-65:20
	android:name
		ADDED from src\main\AndroidManifest.xml:64:19-75
activity#com.hewaiming.ALWorkInfo.ui.PotVLineActivity
ADDED from src\main\AndroidManifest.xml:66:9-67:20
	android:name
		ADDED from src\main\AndroidManifest.xml:66:19-78
activity#com.hewaiming.ALWorkInfo.ui.AeMostActivity
ADDED from src\main\AndroidManifest.xml:68:9-71:20
	android:screenOrientation
		ADDED from src\main\AndroidManifest.xml:70:13-49
	android:name
		ADDED from src\main\AndroidManifest.xml:69:13-70
activity#com.hewaiming.ALWorkInfo.ui.CraftLineActivity
ADDED from src\main\AndroidManifest.xml:72:9-74:20
	android:screenOrientation
		ADDED from src\main\AndroidManifest.xml:73:14-50
	android:name
		ADDED from src\main\AndroidManifest.xml:72:19-79
activity#com.hewaiming.ALWorkInfo.ui.ShowCraftLineActivity
ADDED from src\main\AndroidManifest.xml:75:9-77:20
	android:screenOrientation
		ADDED from src\main\AndroidManifest.xml:76:14-50
	android:name
		ADDED from src\main\AndroidManifest.xml:75:19-83
activity#com.hewaiming.ALWorkInfo.ui.MeasueTableActivity
ADDED from src\main\AndroidManifest.xml:78:9-79:20
	android:name
		ADDED from src\main\AndroidManifest.xml:78:19-81
activity#com.hewaiming.ALWorkInfo.ui.Ae5DayActivity
ADDED from src\main\AndroidManifest.xml:80:9-83:20
	android:screenOrientation
		ADDED from src\main\AndroidManifest.xml:82:13-49
	android:name
		ADDED from src\main\AndroidManifest.xml:81:13-70
activity#com.hewaiming.ALWorkInfo.ui.FaultMostActivity
ADDED from src\main\AndroidManifest.xml:84:9-87:20
	android:screenOrientation
		ADDED from src\main\AndroidManifest.xml:86:13-49
	android:name
		ADDED from src\main\AndroidManifest.xml:85:13-73
activity#com.hewaiming.ALWorkInfo.ui.AbNormalMostActivity
ADDED from src\main\AndroidManifest.xml:88:10-91:20
	android:screenOrientation
		ADDED from src\main\AndroidManifest.xml:90:13-49
	android:name
		ADDED from src\main\AndroidManifest.xml:89:13-76
activity#com.hewaiming.ALWorkInfo.ui.AreaAvgVActivity
ADDED from src\main\AndroidManifest.xml:92:10-95:20
	android:screenOrientation
		ADDED from src\main\AndroidManifest.xml:94:13-49
	android:name
		ADDED from src\main\AndroidManifest.xml:93:13-72
activity#com.hewaiming.ALWorkInfo.ui.AreaAeActivity
ADDED from src\main\AndroidManifest.xml:96:10-99:20
	android:screenOrientation
		ADDED from src\main\AndroidManifest.xml:98:13-49
	android:name
		ADDED from src\main\AndroidManifest.xml:97:13-70
activity#com.hewaiming.ALWorkInfo.ui.RealTimeLineActivity
ADDED from src\main\AndroidManifest.xml:100:9-103:20
	android:screenOrientation
		ADDED from src\main\AndroidManifest.xml:102:13-49
	android:name
		ADDED from src\main\AndroidManifest.xml:101:13-76
activity#com.hewaiming.ALWorkInfo.ui.PotStatusActivity
ADDED from src\main\AndroidManifest.xml:104:9-107:20
	android:screenOrientation
		ADDED from src\main\AndroidManifest.xml:106:13-49
	android:name
		ADDED from src\main\AndroidManifest.xml:105:13-73
activity#com.hewaiming.ALWorkInfo.ui.DialogActivity
ADDED from src\main\AndroidManifest.xml:108:9-109:20
	android:name
		ADDED from src\main\AndroidManifest.xml:108:19-76
activity#com.hewaiming.ALWorkInfo.ui.SettingActivity
ADDED from src\main\AndroidManifest.xml:110:9-112:20
	android:screenOrientation
		ADDED from src\main\AndroidManifest.xml:111:14-50
	android:name
		ADDED from src\main\AndroidManifest.xml:110:19-77
activity#com.hewaiming.ALWorkInfo.ui.AboutActivity
ADDED from src\main\AndroidManifest.xml:113:9-115:20
	android:screenOrientation
		ADDED from src\main\AndroidManifest.xml:114:14-50
	android:name
		ADDED from src\main\AndroidManifest.xml:113:19-75
activity#cn.sharesdk.framework.ShareSDKUIShell
ADDED from src\main\AndroidManifest.xml:117:9-135:20
	android:screenOrientation
		ADDED from src\main\AndroidManifest.xml:120:13-49
	android:windowSoftInputMode
		ADDED from src\main\AndroidManifest.xml:122:13-67
	android:configChanges
		ADDED from src\main\AndroidManifest.xml:119:13-63
	android:theme
		ADDED from src\main\AndroidManifest.xml:121:13-72
	android:name
		ADDED from src\main\AndroidManifest.xml:118:13-65
meta-data#Adapter
ADDED from src\main\AndroidManifest.xml:123:13-125:62
	android:value
		ADDED from src\main\AndroidManifest.xml:125:17-59
	android:name
		ADDED from src\main\AndroidManifest.xml:124:17-39
intent-filter#android.intent.action.VIEW+android.intent.category.BROWSABLE+android.intent.category.DEFAULT
ADDED from src\main\AndroidManifest.xml:127:13-134:29
data
ADDED from src\main\AndroidManifest.xml:128:17-61
	android:scheme
		ADDED from src\main\AndroidManifest.xml:128:23-58
action#android.intent.action.VIEW
ADDED from src\main\AndroidManifest.xml:130:17-69
	android:name
		ADDED from src\main\AndroidManifest.xml:130:25-66
category#android.intent.category.BROWSABLE
ADDED from src\main\AndroidManifest.xml:132:17-78
	android:name
		ADDED from src\main\AndroidManifest.xml:132:27-75
category#android.intent.category.DEFAULT
ADDED from src\main\AndroidManifest.xml:133:17-76
	android:name
		ADDED from src\main\AndroidManifest.xml:133:27-73
activity#com.mob.tools.MobUIShell
ADDED from src\main\AndroidManifest.xml:136:9-156:20
	android:windowSoftInputMode
		ADDED from src\main\AndroidManifest.xml:140:13-67
	android:configChanges
		ADDED from src\main\AndroidManifest.xml:138:13-74
	android:theme
		ADDED from src\main\AndroidManifest.xml:139:13-72
	android:name
		ADDED from src\main\AndroidManifest.xml:137:13-52
intent-filter#android.intent.category.DEFAULT+com.sina.weibo.sdk.action.ACTION_SDK_REQ_ACTIVITY
ADDED from src\main\AndroidManifest.xml:151:13-155:29
action#com.sina.weibo.sdk.action.ACTION_SDK_REQ_ACTIVITY
ADDED from src\main\AndroidManifest.xml:152:17-92
	android:name
		ADDED from src\main\AndroidManifest.xml:152:25-89
activity#com.hewaiming.ALWorkInfo.wxapi.WXEntryActivity
ADDED from src\main\AndroidManifest.xml:159:9-164:75
	android:screenOrientation
		ADDED from src\main\AndroidManifest.xml:163:13-49
	android:exported
		ADDED from src\main\AndroidManifest.xml:162:13-36
	android:configChanges
		ADDED from src\main\AndroidManifest.xml:161:13-74
	android:theme
		ADDED from src\main\AndroidManifest.xml:164:13-72
	android:name
		ADDED from src\main\AndroidManifest.xml:160:13-50
supports-screens
ADDED from [:oneKeyShare] AndroidManifest.xml:11:5-16:39
	android:largeScreens
		ADDED from [:oneKeyShare] AndroidManifest.xml:13:9-36
	android:smallScreens
		ADDED from [:oneKeyShare] AndroidManifest.xml:16:9-36
	android:normalScreens
		ADDED from [:oneKeyShare] AndroidManifest.xml:14:9-37
	android:resizeable
		ADDED from [:oneKeyShare] AndroidManifest.xml:15:9-34
	android:anyDensity
		ADDED from [:oneKeyShare] AndroidManifest.xml:12:9-34